Drill report for /home/maik/KiCad_Projekte/AmpMeter/AmpMeter.kicad_pcb
Created on Mi 09 Okt 2019 11:35:56 CEST

Copper Layer Stackup:
    =============================================================
    L1 :  F.Cu                      front
    L2 :  B.Cu                      back


Drill file 'AmpMeter-PTH.drl' contains
    plated through holes:
    =============================================================
    T1  0,40mm  0,016"  (9 holes)
    T2  0,60mm  0,024"  (12 holes)  (with 12 slots)
    T3  0,80mm  0,031"  (52 holes)
    T4  0,90mm  0,035"  (21 holes)
    T5  1,00mm  0,039"  (8 holes)
    T6  1,10mm  0,043"  (4 holes)
    T7  1,30mm  0,051"  (14 holes)

    Total plated holes count 120


Drill file 'AmpMeter-NPTH.drl' contains
    unplated through holes:
    =============================================================

    Total unplated holes count 0
